<?xml version="1.0" encoding="UTF-8"?>
<!-- Generated by org.testng.reporters.JUnitXMLReporter -->
<testsuite ignored="1" hostname="Rakib-Ansar" failures="3" tests="3" name="Sanity" time="0.691" errors="0" timestamp="2024-07-23T07:49:07 IST">
  <testcase classname="Testcase.Logintestcase" name="@BeforeMethod Launch" time="-1.721701146746E9">
    <failure type="org.testng.TestNGException" message="
Parameter &amp;apos;weburl&amp;apos; is required by BeforeMethod on method Launch but has not been marked @Optional or defined
in C:\Users\Rakib Ansar\eclipse-workspace\doctorweb\testng_Sanity.xml">
      <![CDATA[org.testng.TestNGException: 
Parameter 'weburl' is required by BeforeMethod on method Launch but has not been marked @Optional or defined
in C:\Users\Rakib Ansar\eclipse-workspace\doctorweb\testng_Sanity.xml
at java.base/java.util.ArrayList.forEach(ArrayList.java:1597)
... Removed 28 stack frames]]>
    </failure>
  </testcase> <!-- @BeforeMethod Launch -->
  <testcase classname="Testcase.Logintestcase" name="@BeforeMethod Launch" time="-1.721701146766E9">
    <skipped/>
  </testcase> <!-- @BeforeMethod Launch -->
  <testcase classname="Testcase.Logintestcase" name="@BeforeMethod Launch" time="-1.721701147396E9">
    <skipped/>
  </testcase> <!-- @BeforeMethod Launch -->
  <testcase classname="Testcase.Logintestcase" name="Forgotpassword" time="0.028">
    <failure type="java.lang.NullPointerException" message="Cannot invoke &amp;quot;com.aventstack.extentreports.ExtentReports.createTest(String)&amp;quot; because &amp;quot;healthinterface.doctorweb.ListenerClass.extent&amp;quot; is null">
      <![CDATA[java.lang.NullPointerException: Cannot invoke "com.aventstack.extentreports.ExtentReports.createTest(String)" because "healthinterface.doctorweb.ListenerClass.extent" is null
at healthinterface.doctorweb.ListenerClass.onTestStart(ListenerClass.java:16)
at java.base/java.util.ArrayList.forEach(ArrayList.java:1597)
... Removed 25 stack frames]]>
    </failure>
  </testcase> <!-- Forgotpassword -->
  <testcase classname="Testcase.Logintestcase" name="Registernow" time="0.005">
    <failure type="java.lang.NullPointerException" message="Cannot invoke &amp;quot;com.aventstack.extentreports.ExtentReports.createTest(String)&amp;quot; because &amp;quot;healthinterface.doctorweb.ListenerClass.extent&amp;quot; is null">
      <![CDATA[java.lang.NullPointerException: Cannot invoke "com.aventstack.extentreports.ExtentReports.createTest(String)" because "healthinterface.doctorweb.ListenerClass.extent" is null
at healthinterface.doctorweb.ListenerClass.onTestStart(ListenerClass.java:16)
at java.base/java.util.ArrayList.forEach(ArrayList.java:1597)
... Removed 25 stack frames]]>
    </failure>
  </testcase> <!-- Registernow -->
  <testcase classname="Testcase.Logintestcase" name="login" time="0.626">
    <failure type="java.lang.NullPointerException" message="Cannot invoke &amp;quot;com.aventstack.extentreports.ExtentReports.createTest(String)&amp;quot; because &amp;quot;healthinterface.doctorweb.ListenerClass.extent&amp;quot; is null">
      <![CDATA[java.lang.NullPointerException: Cannot invoke "com.aventstack.extentreports.ExtentReports.createTest(String)" because "healthinterface.doctorweb.ListenerClass.extent" is null
at healthinterface.doctorweb.ListenerClass.onTestStart(ListenerClass.java:16)
at java.base/java.util.ArrayList.forEach(ArrayList.java:1597)
... Removed 25 stack frames]]>
    </failure>
  </testcase> <!-- login -->
  <testcase classname="Testcase.Logintestcase" name="ContactUs" time="0.0">
    <ignored/>
  </testcase> <!-- ContactUs -->
</testsuite> <!-- Sanity -->
