<?xml version="1.0" encoding="UTF-8"?>
<!-- Generated by org.testng.reporters.JUnitXMLReporter -->
<testsuite ignored="1" hostname="Rakib-Ansar" failures="2" tests="2" name="Smoke" time="27.016" errors="0" timestamp="2024-07-23T08:11:47 IST">
  <testcase classname="Testcase.DashboardTestCases" name="bookclinicconsultationandverifysameappointment" time="0.019">
    <failure type="java.lang.NullPointerException" message="Cannot invoke &amp;quot;com.aventstack.extentreports.ExtentReports.createTest(String)&amp;quot; because &amp;quot;healthinterface.doctorweb.ListenerClass.extent&amp;quot; is null">
      <![CDATA[java.lang.NullPointerException: Cannot invoke "com.aventstack.extentreports.ExtentReports.createTest(String)" because "healthinterface.doctorweb.ListenerClass.extent" is null
at healthinterface.doctorweb.ListenerClass.onTestStart(ListenerClass.java:16)
at java.base/java.util.ArrayList.forEach(ArrayList.java:1597)
... Removed 24 stack frames]]>
    </failure>
  </testcase> <!-- bookclinicconsultationandverifysameappointment -->
  <testcase classname="Testcase.DashboardTestCases" name="bookvirtualconsultation" time="0.001">
    <failure type="java.lang.NullPointerException" message="Cannot invoke &amp;quot;com.aventstack.extentreports.ExtentReports.createTest(String)&amp;quot; because &amp;quot;healthinterface.doctorweb.ListenerClass.extent&amp;quot; is null">
      <![CDATA[java.lang.NullPointerException: Cannot invoke "com.aventstack.extentreports.ExtentReports.createTest(String)" because "healthinterface.doctorweb.ListenerClass.extent" is null
at healthinterface.doctorweb.ListenerClass.onTestStart(ListenerClass.java:16)
at java.base/java.util.ArrayList.forEach(ArrayList.java:1597)
... Removed 24 stack frames]]>
    </failure>
  </testcase> <!-- bookvirtualconsultation -->
  <testcase classname="Testcase.DashboardTestCases" name="selectpatientdata" time="0.0">
    <ignored/>
  </testcase> <!-- selectpatientdata -->
</testsuite> <!-- Smoke -->
