<?xml version="1.0" encoding="UTF-8"?>
<!-- Generated by org.testng.reporters.JUnitXMLReporter -->
<testsuite ignored="7" hostname="Rakib-Ansar" failures="0" tests="2" name="Fail" time="51.388" errors="0" timestamp="2024-09-17T12:34:32 IST">
  <testcase classname="Testcase.Viewfiletestcases" name="deselectmembers" time="7.566"/>
  <testcase classname="Testcase.Viewfiletestcases" name="multiplecareteam" time="4.288"/>
  <testcase classname="Testcase.Viewfiletestcases" name="apointmentpatientnameDataPersistence" time="0.0">
    <ignored/>
  </testcase> <!-- apointmentpatientnameDataPersistence -->
  <testcase classname="Testcase.Viewfiletestcases" name="testMandatoryFields" time="0.0">
    <ignored/>
  </testcase> <!-- testMandatoryFields -->
  <testcase classname="Testcase.Viewfiletestcases" name="DataPersistence" time="0.0">
    <ignored/>
  </testcase> <!-- DataPersistence -->
  <testcase classname="Testcase.Viewfiletestcases" name="appointedDrcheck" time="0.0">
    <ignored/>
  </testcase> <!-- appointedDrcheck -->
  <testcase classname="Testcase.Viewfiletestcases" name="invalidemail" time="0.0">
    <ignored/>
  </testcase> <!-- invalidemail -->
  <testcase classname="Testcase.Viewfiletestcases" name="testMandatoryFieldsblank" time="0.0">
    <ignored/>
  </testcase> <!-- testMandatoryFieldsblank -->
  <testcase classname="Testcase.Viewfiletestcases" name="clickondiscard" time="0.0">
    <ignored/>
  </testcase> <!-- clickondiscard -->
</testsuite> <!-- Fail -->
