<?xml version="1.0" encoding="UTF-8"?>
<!-- Generated by org.testng.reporters.JUnitXMLReporter -->
<testsuite ignored="0" hostname="Rakib-Ansar" failures="1" tests="1" name="practice" time="0.071" errors="0" timestamp="2024-07-23T08:56:52 IST">
  <testcase classname="Testcase.DashboardTestCases" name="selectpatientdata" time="0.038">
    <failure type="java.lang.IllegalArgumentException" message="Cannot find elements when the XPath is null.">
      <![CDATA[java.lang.IllegalArgumentException: Cannot find elements when the XPath is null.
at org.openqa.selenium.internal.Require$ArgumentChecker.nonNull(Require.java:214)
at org.openqa.selenium.By$ByXPath.<init>(By.java:286)
at org.openqa.selenium.By.xpath(By.java:89)
at healthinterface.doctorweb.base.waitelement(base.java:70)
at PageObject.Homepage.clicklogin(Homepage.java:16)
at Testcase.DashboardTestCases.selectpatientdata(DashboardTestCases.java:68)
at java.base/java.util.ArrayList.forEach(ArrayList.java:1597)
... Removed 25 stack frames]]>
    </failure>
  </testcase> <!-- selectpatientdata -->
</testsuite> <!-- practice -->
