<?xml version="1.0" encoding="UTF-8"?>
<!-- Generated by org.testng.reporters.JUnitXMLReporter -->
<testsuite ignored="29" hostname="Rakib-Ansar" failures="0" tests="0" time="0.009" errors="0" timestamp="2024-12-31T14:54:13 IST">
  <testcase classname="Testcase.Viewfiletestcases" name="nonDICOMemptyupload" time="0.0">
    <ignored/>
  </testcase> <!-- nonDICOMemptyupload -->
  <testcase classname="Testcase.Viewfiletestcases" name="FPulsedata" time="0.0">
    <ignored/>
  </testcase> <!-- FPulsedata -->
  <testcase classname="Testcase.Viewfiletestcases" name="Afillallrecods" time="0.0">
    <ignored/>
  </testcase> <!-- Afillallrecods -->
  <testcase classname="Testcase.Viewfiletestcases" name="Bemptyallrecods" time="0.0">
    <ignored/>
  </testcase> <!-- Bemptyallrecods -->
  <testcase classname="Testcase.Viewfiletestcases" name="DataPersistence" time="0.0">
    <ignored/>
  </testcase> <!-- DataPersistence -->
  <testcase classname="Testcase.Viewfiletestcases" name="multiplecareteam" time="0.0">
    <ignored/>
  </testcase> <!-- multiplecareteam -->
  <testcase classname="Testcase.Viewfiletestcases" name="Fdeleteinsurence" time="0.0">
    <ignored/>
  </testcase> <!-- Fdeleteinsurence -->
  <testcase classname="Testcase.Viewfiletestcases" name="ETemperaturedata" time="0.0">
    <ignored/>
  </testcase> <!-- ETemperaturedata -->
  <testcase classname="Testcase.Viewfiletestcases" name="DICOMcancelupload" time="0.0">
    <ignored/>
  </testcase> <!-- DICOMcancelupload -->
  <testcase classname="Testcase.Viewfiletestcases" name="JBloodglucose" time="0.0">
    <ignored/>
  </testcase> <!-- JBloodglucose -->
  <testcase classname="Testcase.Viewfiletestcases" name="appointedDrcheck" time="0.0">
    <ignored/>
  </testcase> <!-- appointedDrcheck -->
  <testcase classname="Testcase.Viewfiletestcases" name="AAddinsurencevaliddata" time="0.0">
    <ignored/>
  </testcase> <!-- AAddinsurencevaliddata -->
  <testcase classname="Testcase.Viewfiletestcases" name="nonDICOMcancelupload" time="0.0">
    <ignored/>
  </testcase> <!-- nonDICOMcancelupload -->
  <testcase classname="Testcase.Viewfiletestcases" name="invalidemail" time="0.0">
    <ignored/>
  </testcase> <!-- invalidemail -->
  <testcase classname="Testcase.Viewfiletestcases" name="nonDICOMuploadfile" time="0.0">
    <ignored/>
  </testcase> <!-- nonDICOMuploadfile -->
  <testcase classname="Testcase.Viewfiletestcases" name="Deditinsurence" time="0.0">
    <ignored/>
  </testcase> <!-- Deditinsurence -->
  <testcase classname="Testcase.Viewfiletestcases" name="Ediscardinsurence" time="0.0">
    <ignored/>
  </testcase> <!-- Ediscardinsurence -->
  <testcase classname="Testcase.Viewfiletestcases" name="DICOMuploadfile" time="0.0">
    <ignored/>
  </testcase> <!-- DICOMuploadfile -->
  <testcase classname="Testcase.Viewfiletestcases" name="testMandatoryFields" time="0.0">
    <ignored/>
  </testcase> <!-- testMandatoryFields -->
  <testcase classname="Testcase.Viewfiletestcases" name="IRespiratoryrate" time="0.0">
    <ignored/>
  </testcase> <!-- IRespiratoryrate -->
  <testcase classname="Testcase.Viewfiletestcases" name="BAddinsurenceblankdata" time="0.0">
    <ignored/>
  </testcase> <!-- BAddinsurenceblankdata -->
  <testcase classname="Testcase.Viewfiletestcases" name="CAddinsurenceblankdatefield" time="0.0">
    <ignored/>
  </testcase> <!-- CAddinsurenceblankdatefield -->
  <testcase classname="Testcase.Viewfiletestcases" name="clickondiscard" time="0.0">
    <ignored/>
  </testcase> <!-- clickondiscard -->
  <testcase classname="Testcase.Viewfiletestcases" name="testMandatoryFieldsblank" time="0.0">
    <ignored/>
  </testcase> <!-- testMandatoryFieldsblank -->
  <testcase classname="Testcase.Viewfiletestcases" name="apointmentpatientnameDataPersistence" time="0.0">
    <ignored/>
  </testcase> <!-- apointmentpatientnameDataPersistence -->
  <testcase classname="Testcase.Viewfiletestcases" name="HBloodoxygen" time="0.0">
    <ignored/>
  </testcase> <!-- HBloodoxygen -->
  <testcase classname="Testcase.Viewfiletestcases" name="GBloodpressuredata" time="0.0">
    <ignored/>
  </testcase> <!-- GBloodpressuredata -->
  <testcase classname="Testcase.Viewfiletestcases" name="deselectmembers" time="0.0">
    <ignored/>
  </testcase> <!-- deselectmembers -->
  <testcase classname="Testcase.Viewfiletestcases" name="DICOMemptyupload" time="0.0">
    <ignored/>
  </testcase> <!-- DICOMemptyupload -->
</testsuite>
