<?xml version="1.0" encoding="UTF-8"?>
<testng-results ignored="29" total="29" passed="0" failed="0" skipped="0">
  <reporter-output>
  </reporter-output>
  <suite started-at="2024-12-31T14:54:13 IST" name="Suit" finished-at="2024-12-31T14:54:13 IST" duration-ms="9">
    <groups>
    </groups>
    <test started-at="2024-12-31T14:54:13 IST" name="Testing" finished-at="2024-12-31T14:54:13 IST" duration-ms="9">
      <class name="Testcase.Viewfiletestcases">
        <test-method is-config="true" signature="logConfig()[pri:0, instance:Testcase.Viewfiletestcases@7df587ef]" started-at="2024-12-31T14:54:13 IST" name="logConfig" finished-at="2024-12-31T14:54:13 IST" duration-ms="272" status="PASS">
          <reporter-output>
          </reporter-output>
        </test-method> <!-- logConfig -->
        <test-method is-config="true" signature="Aftersuite()[pri:0, instance:Testcase.Viewfiletestcases@7df587ef]" started-at="2024-12-31T14:54:13 IST" name="Aftersuite" finished-at="2024-12-31T14:54:13 IST" duration-ms="304" status="PASS">
          <reporter-output>
          </reporter-output>
        </test-method> <!-- Aftersuite -->
      </class> <!-- Testcase.Viewfiletestcases -->
    </test> <!-- Testing -->
  </suite> <!-- Suit -->
</testng-results>
